ERROR - 2025-10-17 10:59:31 --> mysqli_sql_exception: Duplicate column name 'teacher_id' in C:\xampp\htdocs\ITE311-VISAYAS\system\Database\MySQLi\Connection.php:327
Stack trace:
#0 C:\xampp\htdocs\ITE311-VISAYAS\system\Database\MySQLi\Connection.php(327): mysqli->query('ALTER TABLE `co...', 0)
#1 C:\xampp\htdocs\ITE311-VISAYAS\system\Database\BaseConnection.php(729): CodeIgniter\Database\MySQLi\Connection->execute('ALTER TABLE `co...')
#2 C:\xampp\htdocs\ITE311-VISAYAS\system\Database\BaseConnection.php(646): CodeIgniter\Database\BaseConnection->simpleQuery('ALTER TABLE `co...')
#3 C:\xampp\htdocs\ITE311-VISAYAS\system\Database\Forge.php(772): CodeIgniter\Database\BaseConnection->query('ALTER TABLE `co...')
#4 C:\xampp\htdocs\ITE311-VISAYAS\app\Database\Migrations\2025-08-17-114900_AddTeacherIdToCourses.php(11): CodeIgniter\Database\Forge->addColumn('courses', Array)
#5 C:\xampp\htdocs\ITE311-VISAYAS\system\Database\MigrationRunner.php(876): App\Database\Migrations\AddTeacherIdToCourses->up()
#6 C:\xampp\htdocs\ITE311-VISAYAS\system\Database\MigrationRunner.php(182): CodeIgniter\Database\MigrationRunner->migrate('up', Object(stdClass))
#7 C:\xampp\htdocs\ITE311-VISAYAS\system\Commands\Database\Migrate.php(85): CodeIgniter\Database\MigrationRunner->latest(NULL)
#8 C:\xampp\htdocs\ITE311-VISAYAS\system\CLI\Commands.php(74): CodeIgniter\Commands\Database\Migrate->run(Array)
#9 C:\xampp\htdocs\ITE311-VISAYAS\system\CLI\Console.php(47): CodeIgniter\CLI\Commands->run('migrate', Array)
#10 C:\xampp\htdocs\ITE311-VISAYAS\system\Boot.php(388): CodeIgniter\CLI\Console->run()
#11 C:\xampp\htdocs\ITE311-VISAYAS\system\Boot.php(133): CodeIgniter\Boot::runCommand(Object(CodeIgniter\CLI\Console))
#12 C:\xampp\htdocs\ITE311-VISAYAS\spark(87): CodeIgniter\Boot::bootSpark(Object(Config\Paths))
#13 {main}
ERROR - 2025-10-17 11:21:42 --> mysqli_sql_exception: Table 'lms_visayas.announcements' doesn't exist in C:\xampp\htdocs\ITE311-VISAYAS\system\Database\MySQLi\Connection.php:327
Stack trace:
#0 C:\xampp\htdocs\ITE311-VISAYAS\system\Database\MySQLi\Connection.php(327): mysqli->query('SELECT *\nFROM `...', 0)
#1 C:\xampp\htdocs\ITE311-VISAYAS\system\Database\BaseConnection.php(729): CodeIgniter\Database\MySQLi\Connection->execute('SELECT *\nFROM `...')
#2 C:\xampp\htdocs\ITE311-VISAYAS\system\Database\BaseConnection.php(646): CodeIgniter\Database\BaseConnection->simpleQuery('SELECT *\nFROM `...')
#3 C:\xampp\htdocs\ITE311-VISAYAS\system\Database\BaseBuilder.php(1649): CodeIgniter\Database\BaseConnection->query('SELECT *\nFROM `...', Array, false)
#4 C:\xampp\htdocs\ITE311-VISAYAS\system\Model.php(286): CodeIgniter\Database\BaseBuilder->get()
#5 C:\xampp\htdocs\ITE311-VISAYAS\system\BaseModel.php(677): CodeIgniter\Model->doFindAll(0, 0)
#6 C:\xampp\htdocs\ITE311-VISAYAS\app\Models\AnnouncementModel.php(29): CodeIgniter\BaseModel->findAll()
#7 C:\xampp\htdocs\ITE311-VISAYAS\app\Controllers\Announcement.php(12): App\Models\AnnouncementModel->getAllAnnouncements()
#8 C:\xampp\htdocs\ITE311-VISAYAS\system\CodeIgniter.php(933): App\Controllers\Announcement->index()
#9 C:\xampp\htdocs\ITE311-VISAYAS\system\CodeIgniter.php(507): CodeIgniter\CodeIgniter->runController(Object(App\Controllers\Announcement))
#10 C:\xampp\htdocs\ITE311-VISAYAS\system\CodeIgniter.php(354): CodeIgniter\CodeIgniter->handleRequest(NULL, Object(Config\Cache), false)
#11 C:\xampp\htdocs\ITE311-VISAYAS\system\Boot.php(363): CodeIgniter\CodeIgniter->run()
#12 C:\xampp\htdocs\ITE311-VISAYAS\system\Boot.php(68): CodeIgniter\Boot::runCodeIgniter(Object(CodeIgniter\CodeIgniter))
#13 C:\xampp\htdocs\ITE311-VISAYAS\index.php(59): CodeIgniter\Boot::bootWeb(Object(Config\Paths))
#14 {main}
CRITICAL - 2025-10-17 11:21:42 --> CodeIgniter\Database\Exceptions\DatabaseException: Table 'lms_visayas.announcements' doesn't exist
[Method: GET, Route: announcements]
in SYSTEMPATH\Database\BaseConnection.php on line 684.
 1 SYSTEMPATH\Database\BaseBuilder.php(1649): CodeIgniter\Database\BaseConnection->query('SELECT *
FROM `announcements`
ORDER BY `created_at` DESC', [], false)
 2 SYSTEMPATH\Model.php(286): CodeIgniter\Database\BaseBuilder->get()
 3 SYSTEMPATH\BaseModel.php(677): CodeIgniter\Model->doFindAll(0, 0)
 4 APPPATH\Models\AnnouncementModel.php(29): CodeIgniter\BaseModel->findAll()
 5 APPPATH\Controllers\Announcement.php(12): App\Models\AnnouncementModel->getAllAnnouncements()
 6 SYSTEMPATH\CodeIgniter.php(933): App\Controllers\Announcement->index()
 7 SYSTEMPATH\CodeIgniter.php(507): CodeIgniter\CodeIgniter->runController(Object(App\Controllers\Announcement))
 8 SYSTEMPATH\CodeIgniter.php(354): CodeIgniter\CodeIgniter->handleRequest(null, Object(Config\Cache), false)
 9 SYSTEMPATH\Boot.php(363): CodeIgniter\CodeIgniter->run()
10 SYSTEMPATH\Boot.php(68): CodeIgniter\Boot::runCodeIgniter(Object(CodeIgniter\CodeIgniter))
11 FCPATH\index.php(59): CodeIgniter\Boot::bootWeb(Object(Config\Paths))
CRITICAL - 2025-10-17 11:21:42 --> [Caused by] CodeIgniter\Database\Exceptions\DatabaseException: Table 'lms_visayas.announcements' doesn't exist
in SYSTEMPATH\Database\MySQLi\Connection.php on line 332.
 1 SYSTEMPATH\Database\BaseConnection.php(729): CodeIgniter\Database\MySQLi\Connection->execute('SELECT *
FROM `announcements`
ORDER BY `created_at` DESC')
 2 SYSTEMPATH\Database\BaseConnection.php(646): CodeIgniter\Database\BaseConnection->simpleQuery('SELECT *
FROM `announcements`
ORDER BY `created_at` DESC')
 3 SYSTEMPATH\Database\BaseBuilder.php(1649): CodeIgniter\Database\BaseConnection->query('SELECT *
FROM `announcements`
ORDER BY `created_at` DESC', [], false)
 4 SYSTEMPATH\Model.php(286): CodeIgniter\Database\BaseBuilder->get()
 5 SYSTEMPATH\BaseModel.php(677): CodeIgniter\Model->doFindAll(0, 0)
 6 APPPATH\Models\AnnouncementModel.php(29): CodeIgniter\BaseModel->findAll()
 7 APPPATH\Controllers\Announcement.php(12): App\Models\AnnouncementModel->getAllAnnouncements()
 8 SYSTEMPATH\CodeIgniter.php(933): App\Controllers\Announcement->index()
 9 SYSTEMPATH\CodeIgniter.php(507): CodeIgniter\CodeIgniter->runController(Object(App\Controllers\Announcement))
10 SYSTEMPATH\CodeIgniter.php(354): CodeIgniter\CodeIgniter->handleRequest(null, Object(Config\Cache), false)
11 SYSTEMPATH\Boot.php(363): CodeIgniter\CodeIgniter->run()
12 SYSTEMPATH\Boot.php(68): CodeIgniter\Boot::runCodeIgniter(Object(CodeIgniter\CodeIgniter))
13 FCPATH\index.php(59): CodeIgniter\Boot::bootWeb(Object(Config\Paths))
CRITICAL - 2025-10-17 11:21:42 --> [Caused by] mysqli_sql_exception: Table 'lms_visayas.announcements' doesn't exist
in SYSTEMPATH\Database\MySQLi\Connection.php on line 327.
 1 SYSTEMPATH\Database\MySQLi\Connection.php(327): mysqli->query('SELECT *
FROM `announcements`
ORDER BY `created_at` DESC', 0)
 2 SYSTEMPATH\Database\BaseConnection.php(729): CodeIgniter\Database\MySQLi\Connection->execute('SELECT *
FROM `announcements`
ORDER BY `created_at` DESC')
 3 SYSTEMPATH\Database\BaseConnection.php(646): CodeIgniter\Database\BaseConnection->simpleQuery('SELECT *
FROM `announcements`
ORDER BY `created_at` DESC')
 4 SYSTEMPATH\Database\BaseBuilder.php(1649): CodeIgniter\Database\BaseConnection->query('SELECT *
FROM `announcements`
ORDER BY `created_at` DESC', [], false)
 5 SYSTEMPATH\Model.php(286): CodeIgniter\Database\BaseBuilder->get()
 6 SYSTEMPATH\BaseModel.php(677): CodeIgniter\Model->doFindAll(0, 0)
 7 APPPATH\Models\AnnouncementModel.php(29): CodeIgniter\BaseModel->findAll()
 8 APPPATH\Controllers\Announcement.php(12): App\Models\AnnouncementModel->getAllAnnouncements()
 9 SYSTEMPATH\CodeIgniter.php(933): App\Controllers\Announcement->index()
10 SYSTEMPATH\CodeIgniter.php(507): CodeIgniter\CodeIgniter->runController(Object(App\Controllers\Announcement))
11 SYSTEMPATH\CodeIgniter.php(354): CodeIgniter\CodeIgniter->handleRequest(null, Object(Config\Cache), false)
12 SYSTEMPATH\Boot.php(363): CodeIgniter\CodeIgniter->run()
13 SYSTEMPATH\Boot.php(68): CodeIgniter\Boot::runCodeIgniter(Object(CodeIgniter\CodeIgniter))
14 FCPATH\index.php(59): CodeIgniter\Boot::bootWeb(Object(Config\Paths))
ERROR - 2025-10-17 11:22:14 --> mysqli_sql_exception: Table 'lms_visayas.announcements' doesn't exist in C:\xampp\htdocs\ITE311-VISAYAS\system\Database\MySQLi\Connection.php:327
Stack trace:
#0 C:\xampp\htdocs\ITE311-VISAYAS\system\Database\MySQLi\Connection.php(327): mysqli->query('SELECT *\nFROM `...', 0)
#1 C:\xampp\htdocs\ITE311-VISAYAS\system\Database\BaseConnection.php(729): CodeIgniter\Database\MySQLi\Connection->execute('SELECT *\nFROM `...')
#2 C:\xampp\htdocs\ITE311-VISAYAS\system\Database\BaseConnection.php(646): CodeIgniter\Database\BaseConnection->simpleQuery('SELECT *\nFROM `...')
#3 C:\xampp\htdocs\ITE311-VISAYAS\system\Database\BaseBuilder.php(1649): CodeIgniter\Database\BaseConnection->query('SELECT *\nFROM `...', Array, false)
#4 C:\xampp\htdocs\ITE311-VISAYAS\system\Model.php(286): CodeIgniter\Database\BaseBuilder->get()
#5 C:\xampp\htdocs\ITE311-VISAYAS\system\BaseModel.php(677): CodeIgniter\Model->doFindAll(0, 0)
#6 C:\xampp\htdocs\ITE311-VISAYAS\app\Models\AnnouncementModel.php(29): CodeIgniter\BaseModel->findAll()
#7 C:\xampp\htdocs\ITE311-VISAYAS\app\Controllers\Announcement.php(12): App\Models\AnnouncementModel->getAllAnnouncements()
#8 C:\xampp\htdocs\ITE311-VISAYAS\system\CodeIgniter.php(933): App\Controllers\Announcement->index()
#9 C:\xampp\htdocs\ITE311-VISAYAS\system\CodeIgniter.php(507): CodeIgniter\CodeIgniter->runController(Object(App\Controllers\Announcement))
#10 C:\xampp\htdocs\ITE311-VISAYAS\system\CodeIgniter.php(354): CodeIgniter\CodeIgniter->handleRequest(NULL, Object(Config\Cache), false)
#11 C:\xampp\htdocs\ITE311-VISAYAS\system\Boot.php(363): CodeIgniter\CodeIgniter->run()
#12 C:\xampp\htdocs\ITE311-VISAYAS\system\Boot.php(68): CodeIgniter\Boot::runCodeIgniter(Object(CodeIgniter\CodeIgniter))
#13 C:\xampp\htdocs\ITE311-VISAYAS\index.php(59): CodeIgniter\Boot::bootWeb(Object(Config\Paths))
#14 {main}
CRITICAL - 2025-10-17 11:22:14 --> CodeIgniter\Database\Exceptions\DatabaseException: Table 'lms_visayas.announcements' doesn't exist
[Method: GET, Route: announcements]
in SYSTEMPATH\Database\BaseConnection.php on line 684.
 1 SYSTEMPATH\Database\BaseBuilder.php(1649): CodeIgniter\Database\BaseConnection->query('SELECT *
FROM `announcements`
ORDER BY `created_at` DESC', [], false)
 2 SYSTEMPATH\Model.php(286): CodeIgniter\Database\BaseBuilder->get()
 3 SYSTEMPATH\BaseModel.php(677): CodeIgniter\Model->doFindAll(0, 0)
 4 APPPATH\Models\AnnouncementModel.php(29): CodeIgniter\BaseModel->findAll()
 5 APPPATH\Controllers\Announcement.php(12): App\Models\AnnouncementModel->getAllAnnouncements()
 6 SYSTEMPATH\CodeIgniter.php(933): App\Controllers\Announcement->index()
 7 SYSTEMPATH\CodeIgniter.php(507): CodeIgniter\CodeIgniter->runController(Object(App\Controllers\Announcement))
 8 SYSTEMPATH\CodeIgniter.php(354): CodeIgniter\CodeIgniter->handleRequest(null, Object(Config\Cache), false)
 9 SYSTEMPATH\Boot.php(363): CodeIgniter\CodeIgniter->run()
10 SYSTEMPATH\Boot.php(68): CodeIgniter\Boot::runCodeIgniter(Object(CodeIgniter\CodeIgniter))
11 FCPATH\index.php(59): CodeIgniter\Boot::bootWeb(Object(Config\Paths))
CRITICAL - 2025-10-17 11:22:14 --> [Caused by] CodeIgniter\Database\Exceptions\DatabaseException: Table 'lms_visayas.announcements' doesn't exist
in SYSTEMPATH\Database\MySQLi\Connection.php on line 332.
 1 SYSTEMPATH\Database\BaseConnection.php(729): CodeIgniter\Database\MySQLi\Connection->execute('SELECT *
FROM `announcements`
ORDER BY `created_at` DESC')
 2 SYSTEMPATH\Database\BaseConnection.php(646): CodeIgniter\Database\BaseConnection->simpleQuery('SELECT *
FROM `announcements`
ORDER BY `created_at` DESC')
 3 SYSTEMPATH\Database\BaseBuilder.php(1649): CodeIgniter\Database\BaseConnection->query('SELECT *
FROM `announcements`
ORDER BY `created_at` DESC', [], false)
 4 SYSTEMPATH\Model.php(286): CodeIgniter\Database\BaseBuilder->get()
 5 SYSTEMPATH\BaseModel.php(677): CodeIgniter\Model->doFindAll(0, 0)
 6 APPPATH\Models\AnnouncementModel.php(29): CodeIgniter\BaseModel->findAll()
 7 APPPATH\Controllers\Announcement.php(12): App\Models\AnnouncementModel->getAllAnnouncements()
 8 SYSTEMPATH\CodeIgniter.php(933): App\Controllers\Announcement->index()
 9 SYSTEMPATH\CodeIgniter.php(507): CodeIgniter\CodeIgniter->runController(Object(App\Controllers\Announcement))
10 SYSTEMPATH\CodeIgniter.php(354): CodeIgniter\CodeIgniter->handleRequest(null, Object(Config\Cache), false)
11 SYSTEMPATH\Boot.php(363): CodeIgniter\CodeIgniter->run()
12 SYSTEMPATH\Boot.php(68): CodeIgniter\Boot::runCodeIgniter(Object(CodeIgniter\CodeIgniter))
13 FCPATH\index.php(59): CodeIgniter\Boot::bootWeb(Object(Config\Paths))
CRITICAL - 2025-10-17 11:22:14 --> [Caused by] mysqli_sql_exception: Table 'lms_visayas.announcements' doesn't exist
in SYSTEMPATH\Database\MySQLi\Connection.php on line 327.
 1 SYSTEMPATH\Database\MySQLi\Connection.php(327): mysqli->query('SELECT *
FROM `announcements`
ORDER BY `created_at` DESC', 0)
 2 SYSTEMPATH\Database\BaseConnection.php(729): CodeIgniter\Database\MySQLi\Connection->execute('SELECT *
FROM `announcements`
ORDER BY `created_at` DESC')
 3 SYSTEMPATH\Database\BaseConnection.php(646): CodeIgniter\Database\BaseConnection->simpleQuery('SELECT *
FROM `announcements`
ORDER BY `created_at` DESC')
 4 SYSTEMPATH\Database\BaseBuilder.php(1649): CodeIgniter\Database\BaseConnection->query('SELECT *
FROM `announcements`
ORDER BY `created_at` DESC', [], false)
 5 SYSTEMPATH\Model.php(286): CodeIgniter\Database\BaseBuilder->get()
 6 SYSTEMPATH\BaseModel.php(677): CodeIgniter\Model->doFindAll(0, 0)
 7 APPPATH\Models\AnnouncementModel.php(29): CodeIgniter\BaseModel->findAll()
 8 APPPATH\Controllers\Announcement.php(12): App\Models\AnnouncementModel->getAllAnnouncements()
 9 SYSTEMPATH\CodeIgniter.php(933): App\Controllers\Announcement->index()
10 SYSTEMPATH\CodeIgniter.php(507): CodeIgniter\CodeIgniter->runController(Object(App\Controllers\Announcement))
11 SYSTEMPATH\CodeIgniter.php(354): CodeIgniter\CodeIgniter->handleRequest(null, Object(Config\Cache), false)
12 SYSTEMPATH\Boot.php(363): CodeIgniter\CodeIgniter->run()
13 SYSTEMPATH\Boot.php(68): CodeIgniter\Boot::runCodeIgniter(Object(CodeIgniter\CodeIgniter))
14 FCPATH\index.php(59): CodeIgniter\Boot::bootWeb(Object(Config\Paths))
ERROR - 2025-10-17 11:23:04 --> mysqli_sql_exception: Table 'lms_visayas.announcements' doesn't exist in C:\xampp\htdocs\ITE311-VISAYAS\system\Database\MySQLi\Connection.php:327
Stack trace:
#0 C:\xampp\htdocs\ITE311-VISAYAS\system\Database\MySQLi\Connection.php(327): mysqli->query('SELECT *\nFROM `...', 0)
#1 C:\xampp\htdocs\ITE311-VISAYAS\system\Database\BaseConnection.php(729): CodeIgniter\Database\MySQLi\Connection->execute('SELECT *\nFROM `...')
#2 C:\xampp\htdocs\ITE311-VISAYAS\system\Database\BaseConnection.php(646): CodeIgniter\Database\BaseConnection->simpleQuery('SELECT *\nFROM `...')
#3 C:\xampp\htdocs\ITE311-VISAYAS\system\Database\BaseBuilder.php(1649): CodeIgniter\Database\BaseConnection->query('SELECT *\nFROM `...', Array, false)
#4 C:\xampp\htdocs\ITE311-VISAYAS\system\Model.php(286): CodeIgniter\Database\BaseBuilder->get()
#5 C:\xampp\htdocs\ITE311-VISAYAS\system\BaseModel.php(677): CodeIgniter\Model->doFindAll(0, 0)
#6 C:\xampp\htdocs\ITE311-VISAYAS\app\Models\AnnouncementModel.php(29): CodeIgniter\BaseModel->findAll()
#7 C:\xampp\htdocs\ITE311-VISAYAS\app\Controllers\Announcement.php(12): App\Models\AnnouncementModel->getAllAnnouncements()
#8 C:\xampp\htdocs\ITE311-VISAYAS\system\CodeIgniter.php(933): App\Controllers\Announcement->index()
#9 C:\xampp\htdocs\ITE311-VISAYAS\system\CodeIgniter.php(507): CodeIgniter\CodeIgniter->runController(Object(App\Controllers\Announcement))
#10 C:\xampp\htdocs\ITE311-VISAYAS\system\CodeIgniter.php(354): CodeIgniter\CodeIgniter->handleRequest(NULL, Object(Config\Cache), false)
#11 C:\xampp\htdocs\ITE311-VISAYAS\system\Boot.php(363): CodeIgniter\CodeIgniter->run()
#12 C:\xampp\htdocs\ITE311-VISAYAS\system\Boot.php(68): CodeIgniter\Boot::runCodeIgniter(Object(CodeIgniter\CodeIgniter))
#13 C:\xampp\htdocs\ITE311-VISAYAS\index.php(59): CodeIgniter\Boot::bootWeb(Object(Config\Paths))
#14 {main}
CRITICAL - 2025-10-17 11:23:04 --> CodeIgniter\Database\Exceptions\DatabaseException: Table 'lms_visayas.announcements' doesn't exist
[Method: GET, Route: announcements]
in SYSTEMPATH\Database\BaseConnection.php on line 684.
 1 SYSTEMPATH\Database\BaseBuilder.php(1649): CodeIgniter\Database\BaseConnection->query('SELECT *
FROM `announcements`
ORDER BY `created_at` DESC', [], false)
 2 SYSTEMPATH\Model.php(286): CodeIgniter\Database\BaseBuilder->get()
 3 SYSTEMPATH\BaseModel.php(677): CodeIgniter\Model->doFindAll(0, 0)
 4 APPPATH\Models\AnnouncementModel.php(29): CodeIgniter\BaseModel->findAll()
 5 APPPATH\Controllers\Announcement.php(12): App\Models\AnnouncementModel->getAllAnnouncements()
 6 SYSTEMPATH\CodeIgniter.php(933): App\Controllers\Announcement->index()
 7 SYSTEMPATH\CodeIgniter.php(507): CodeIgniter\CodeIgniter->runController(Object(App\Controllers\Announcement))
 8 SYSTEMPATH\CodeIgniter.php(354): CodeIgniter\CodeIgniter->handleRequest(null, Object(Config\Cache), false)
 9 SYSTEMPATH\Boot.php(363): CodeIgniter\CodeIgniter->run()
10 SYSTEMPATH\Boot.php(68): CodeIgniter\Boot::runCodeIgniter(Object(CodeIgniter\CodeIgniter))
11 FCPATH\index.php(59): CodeIgniter\Boot::bootWeb(Object(Config\Paths))
CRITICAL - 2025-10-17 11:23:04 --> [Caused by] CodeIgniter\Database\Exceptions\DatabaseException: Table 'lms_visayas.announcements' doesn't exist
in SYSTEMPATH\Database\MySQLi\Connection.php on line 332.
 1 SYSTEMPATH\Database\BaseConnection.php(729): CodeIgniter\Database\MySQLi\Connection->execute('SELECT *
FROM `announcements`
ORDER BY `created_at` DESC')
 2 SYSTEMPATH\Database\BaseConnection.php(646): CodeIgniter\Database\BaseConnection->simpleQuery('SELECT *
FROM `announcements`
ORDER BY `created_at` DESC')
 3 SYSTEMPATH\Database\BaseBuilder.php(1649): CodeIgniter\Database\BaseConnection->query('SELECT *
FROM `announcements`
ORDER BY `created_at` DESC', [], false)
 4 SYSTEMPATH\Model.php(286): CodeIgniter\Database\BaseBuilder->get()
 5 SYSTEMPATH\BaseModel.php(677): CodeIgniter\Model->doFindAll(0, 0)
 6 APPPATH\Models\AnnouncementModel.php(29): CodeIgniter\BaseModel->findAll()
 7 APPPATH\Controllers\Announcement.php(12): App\Models\AnnouncementModel->getAllAnnouncements()
 8 SYSTEMPATH\CodeIgniter.php(933): App\Controllers\Announcement->index()
 9 SYSTEMPATH\CodeIgniter.php(507): CodeIgniter\CodeIgniter->runController(Object(App\Controllers\Announcement))
10 SYSTEMPATH\CodeIgniter.php(354): CodeIgniter\CodeIgniter->handleRequest(null, Object(Config\Cache), false)
11 SYSTEMPATH\Boot.php(363): CodeIgniter\CodeIgniter->run()
12 SYSTEMPATH\Boot.php(68): CodeIgniter\Boot::runCodeIgniter(Object(CodeIgniter\CodeIgniter))
13 FCPATH\index.php(59): CodeIgniter\Boot::bootWeb(Object(Config\Paths))
CRITICAL - 2025-10-17 11:23:04 --> [Caused by] mysqli_sql_exception: Table 'lms_visayas.announcements' doesn't exist
in SYSTEMPATH\Database\MySQLi\Connection.php on line 327.
 1 SYSTEMPATH\Database\MySQLi\Connection.php(327): mysqli->query('SELECT *
FROM `announcements`
ORDER BY `created_at` DESC', 0)
 2 SYSTEMPATH\Database\BaseConnection.php(729): CodeIgniter\Database\MySQLi\Connection->execute('SELECT *
FROM `announcements`
ORDER BY `created_at` DESC')
 3 SYSTEMPATH\Database\BaseConnection.php(646): CodeIgniter\Database\BaseConnection->simpleQuery('SELECT *
FROM `announcements`
ORDER BY `created_at` DESC')
 4 SYSTEMPATH\Database\BaseBuilder.php(1649): CodeIgniter\Database\BaseConnection->query('SELECT *
FROM `announcements`
ORDER BY `created_at` DESC', [], false)
 5 SYSTEMPATH\Model.php(286): CodeIgniter\Database\BaseBuilder->get()
 6 SYSTEMPATH\BaseModel.php(677): CodeIgniter\Model->doFindAll(0, 0)
 7 APPPATH\Models\AnnouncementModel.php(29): CodeIgniter\BaseModel->findAll()
 8 APPPATH\Controllers\Announcement.php(12): App\Models\AnnouncementModel->getAllAnnouncements()
 9 SYSTEMPATH\CodeIgniter.php(933): App\Controllers\Announcement->index()
10 SYSTEMPATH\CodeIgniter.php(507): CodeIgniter\CodeIgniter->runController(Object(App\Controllers\Announcement))
11 SYSTEMPATH\CodeIgniter.php(354): CodeIgniter\CodeIgniter->handleRequest(null, Object(Config\Cache), false)
12 SYSTEMPATH\Boot.php(363): CodeIgniter\CodeIgniter->run()
13 SYSTEMPATH\Boot.php(68): CodeIgniter\Boot::runCodeIgniter(Object(CodeIgniter\CodeIgniter))
14 FCPATH\index.php(59): CodeIgniter\Boot::bootWeb(Object(Config\Paths))
ERROR - 2025-10-17 14:46:51 --> mysqli_sql_exception: Duplicate column name 'teacher_id' in C:\xampp\htdocs\ITE311-VISAYAS\system\Database\MySQLi\Connection.php:327
Stack trace:
#0 C:\xampp\htdocs\ITE311-VISAYAS\system\Database\MySQLi\Connection.php(327): mysqli->query('ALTER TABLE `co...', 0)
#1 C:\xampp\htdocs\ITE311-VISAYAS\system\Database\BaseConnection.php(729): CodeIgniter\Database\MySQLi\Connection->execute('ALTER TABLE `co...')
#2 C:\xampp\htdocs\ITE311-VISAYAS\system\Database\BaseConnection.php(646): CodeIgniter\Database\BaseConnection->simpleQuery('ALTER TABLE `co...')
#3 C:\xampp\htdocs\ITE311-VISAYAS\system\Database\Forge.php(772): CodeIgniter\Database\BaseConnection->query('ALTER TABLE `co...')
#4 C:\xampp\htdocs\ITE311-VISAYAS\app\Database\Migrations\2025-08-17-114900_AddTeacherIdToCourses.php(11): CodeIgniter\Database\Forge->addColumn('courses', Array)
#5 C:\xampp\htdocs\ITE311-VISAYAS\system\Database\MigrationRunner.php(876): App\Database\Migrations\AddTeacherIdToCourses->up()
#6 C:\xampp\htdocs\ITE311-VISAYAS\system\Database\MigrationRunner.php(182): CodeIgniter\Database\MigrationRunner->migrate('up', Object(stdClass))
#7 C:\xampp\htdocs\ITE311-VISAYAS\system\Commands\Database\Migrate.php(85): CodeIgniter\Database\MigrationRunner->latest(NULL)
#8 C:\xampp\htdocs\ITE311-VISAYAS\system\CLI\Commands.php(74): CodeIgniter\Commands\Database\Migrate->run(Array)
#9 C:\xampp\htdocs\ITE311-VISAYAS\system\CLI\Console.php(47): CodeIgniter\CLI\Commands->run('migrate', Array)
#10 C:\xampp\htdocs\ITE311-VISAYAS\system\Boot.php(388): CodeIgniter\CLI\Console->run()
#11 C:\xampp\htdocs\ITE311-VISAYAS\system\Boot.php(133): CodeIgniter\Boot::runCommand(Object(CodeIgniter\CLI\Console))
#12 C:\xampp\htdocs\ITE311-VISAYAS\spark(87): CodeIgniter\Boot::bootSpark(Object(Config\Paths))
#13 {main}
ERROR - 2025-10-17 15:23:08 --> mysqli_sql_exception: Duplicate column name 'teacher_id' in C:\xampp\htdocs\ITE311-VISAYAS\system\Database\MySQLi\Connection.php:327
Stack trace:
#0 C:\xampp\htdocs\ITE311-VISAYAS\system\Database\MySQLi\Connection.php(327): mysqli->query('ALTER TABLE `co...', 0)
#1 C:\xampp\htdocs\ITE311-VISAYAS\system\Database\BaseConnection.php(729): CodeIgniter\Database\MySQLi\Connection->execute('ALTER TABLE `co...')
#2 C:\xampp\htdocs\ITE311-VISAYAS\system\Database\BaseConnection.php(646): CodeIgniter\Database\BaseConnection->simpleQuery('ALTER TABLE `co...')
#3 C:\xampp\htdocs\ITE311-VISAYAS\system\Database\Forge.php(772): CodeIgniter\Database\BaseConnection->query('ALTER TABLE `co...')
#4 C:\xampp\htdocs\ITE311-VISAYAS\app\Database\Migrations\2025-08-17-114900_AddTeacherIdToCourses.php(11): CodeIgniter\Database\Forge->addColumn('courses', Array)
#5 C:\xampp\htdocs\ITE311-VISAYAS\system\Database\MigrationRunner.php(876): App\Database\Migrations\AddTeacherIdToCourses->up()
#6 C:\xampp\htdocs\ITE311-VISAYAS\system\Database\MigrationRunner.php(182): CodeIgniter\Database\MigrationRunner->migrate('up', Object(stdClass))
#7 C:\xampp\htdocs\ITE311-VISAYAS\system\Commands\Database\Migrate.php(85): CodeIgniter\Database\MigrationRunner->latest(NULL)
#8 C:\xampp\htdocs\ITE311-VISAYAS\system\CLI\Commands.php(74): CodeIgniter\Commands\Database\Migrate->run(Array)
#9 C:\xampp\htdocs\ITE311-VISAYAS\system\CLI\Console.php(47): CodeIgniter\CLI\Commands->run('migrate', Array)
#10 C:\xampp\htdocs\ITE311-VISAYAS\system\Boot.php(388): CodeIgniter\CLI\Console->run()
#11 C:\xampp\htdocs\ITE311-VISAYAS\system\Boot.php(133): CodeIgniter\Boot::runCommand(Object(CodeIgniter\CLI\Console))
#12 C:\xampp\htdocs\ITE311-VISAYAS\spark(87): CodeIgniter\Boot::bootSpark(Object(Config\Paths))
#13 {main}
ERROR - 2025-10-17 15:26:24 --> mysqli_sql_exception: Duplicate column name 'teacher_id' in C:\xampp\htdocs\ITE311-VISAYAS\system\Database\MySQLi\Connection.php:327
Stack trace:
#0 C:\xampp\htdocs\ITE311-VISAYAS\system\Database\MySQLi\Connection.php(327): mysqli->query('ALTER TABLE `co...', 0)
#1 C:\xampp\htdocs\ITE311-VISAYAS\system\Database\BaseConnection.php(729): CodeIgniter\Database\MySQLi\Connection->execute('ALTER TABLE `co...')
#2 C:\xampp\htdocs\ITE311-VISAYAS\system\Database\BaseConnection.php(646): CodeIgniter\Database\BaseConnection->simpleQuery('ALTER TABLE `co...')
#3 C:\xampp\htdocs\ITE311-VISAYAS\system\Database\Forge.php(772): CodeIgniter\Database\BaseConnection->query('ALTER TABLE `co...')
#4 C:\xampp\htdocs\ITE311-VISAYAS\app\Database\Migrations\2025-08-17-114900_AddTeacherIdToCourses.php(11): CodeIgniter\Database\Forge->addColumn('courses', Array)
#5 C:\xampp\htdocs\ITE311-VISAYAS\system\Database\MigrationRunner.php(876): App\Database\Migrations\AddTeacherIdToCourses->up()
#6 C:\xampp\htdocs\ITE311-VISAYAS\system\Database\MigrationRunner.php(182): CodeIgniter\Database\MigrationRunner->migrate('up', Object(stdClass))
#7 C:\xampp\htdocs\ITE311-VISAYAS\system\Commands\Database\Migrate.php(85): CodeIgniter\Database\MigrationRunner->latest(NULL)
#8 C:\xampp\htdocs\ITE311-VISAYAS\system\CLI\Commands.php(74): CodeIgniter\Commands\Database\Migrate->run(Array)
#9 C:\xampp\htdocs\ITE311-VISAYAS\system\CLI\Console.php(47): CodeIgniter\CLI\Commands->run('migrate', Array)
#10 C:\xampp\htdocs\ITE311-VISAYAS\system\Boot.php(388): CodeIgniter\CLI\Console->run()
#11 C:\xampp\htdocs\ITE311-VISAYAS\system\Boot.php(133): CodeIgniter\Boot::runCommand(Object(CodeIgniter\CLI\Console))
#12 C:\xampp\htdocs\ITE311-VISAYAS\spark(87): CodeIgniter\Boot::bootSpark(Object(Config\Paths))
#13 {main}
ERROR - 2025-10-17 15:26:37 --> mysqli_sql_exception: Duplicate column name 'teacher_id' in C:\xampp\htdocs\ITE311-VISAYAS\system\Database\MySQLi\Connection.php:327
Stack trace:
#0 C:\xampp\htdocs\ITE311-VISAYAS\system\Database\MySQLi\Connection.php(327): mysqli->query('ALTER TABLE `co...', 0)
#1 C:\xampp\htdocs\ITE311-VISAYAS\system\Database\BaseConnection.php(729): CodeIgniter\Database\MySQLi\Connection->execute('ALTER TABLE `co...')
#2 C:\xampp\htdocs\ITE311-VISAYAS\system\Database\BaseConnection.php(646): CodeIgniter\Database\BaseConnection->simpleQuery('ALTER TABLE `co...')
#3 C:\xampp\htdocs\ITE311-VISAYAS\system\Database\Forge.php(772): CodeIgniter\Database\BaseConnection->query('ALTER TABLE `co...')
#4 C:\xampp\htdocs\ITE311-VISAYAS\app\Database\Migrations\2025-08-17-114900_AddTeacherIdToCourses.php(11): CodeIgniter\Database\Forge->addColumn('courses', Array)
#5 C:\xampp\htdocs\ITE311-VISAYAS\system\Database\MigrationRunner.php(876): App\Database\Migrations\AddTeacherIdToCourses->up()
#6 C:\xampp\htdocs\ITE311-VISAYAS\system\Database\MigrationRunner.php(182): CodeIgniter\Database\MigrationRunner->migrate('up', Object(stdClass))
#7 C:\xampp\htdocs\ITE311-VISAYAS\system\Commands\Database\Migrate.php(85): CodeIgniter\Database\MigrationRunner->latest(NULL)
#8 C:\xampp\htdocs\ITE311-VISAYAS\system\CLI\Commands.php(74): CodeIgniter\Commands\Database\Migrate->run(Array)
#9 C:\xampp\htdocs\ITE311-VISAYAS\system\CLI\Console.php(47): CodeIgniter\CLI\Commands->run('migrate', Array)
#10 C:\xampp\htdocs\ITE311-VISAYAS\system\Boot.php(388): CodeIgniter\CLI\Console->run()
#11 C:\xampp\htdocs\ITE311-VISAYAS\system\Boot.php(133): CodeIgniter\Boot::runCommand(Object(CodeIgniter\CLI\Console))
#12 C:\xampp\htdocs\ITE311-VISAYAS\spark(87): CodeIgniter\Boot::bootSpark(Object(Config\Paths))
#13 {main}
ERROR - 2025-10-17 15:30:07 --> mysqli_sql_exception: Duplicate column name 'teacher_id' in C:\xampp\htdocs\ITE311-VISAYAS\system\Database\MySQLi\Connection.php:327
Stack trace:
#0 C:\xampp\htdocs\ITE311-VISAYAS\system\Database\MySQLi\Connection.php(327): mysqli->query('ALTER TABLE `co...', 0)
#1 C:\xampp\htdocs\ITE311-VISAYAS\system\Database\BaseConnection.php(729): CodeIgniter\Database\MySQLi\Connection->execute('ALTER TABLE `co...')
#2 C:\xampp\htdocs\ITE311-VISAYAS\system\Database\BaseConnection.php(646): CodeIgniter\Database\BaseConnection->simpleQuery('ALTER TABLE `co...')
#3 C:\xampp\htdocs\ITE311-VISAYAS\system\Database\Forge.php(772): CodeIgniter\Database\BaseConnection->query('ALTER TABLE `co...')
#4 C:\xampp\htdocs\ITE311-VISAYAS\app\Database\Migrations\2025-08-17-114900_AddTeacherIdToCourses.php(11): CodeIgniter\Database\Forge->addColumn('courses', Array)
#5 C:\xampp\htdocs\ITE311-VISAYAS\system\Database\MigrationRunner.php(876): App\Database\Migrations\AddTeacherIdToCourses->up()
#6 C:\xampp\htdocs\ITE311-VISAYAS\system\Database\MigrationRunner.php(182): CodeIgniter\Database\MigrationRunner->migrate('up', Object(stdClass))
#7 C:\xampp\htdocs\ITE311-VISAYAS\system\Commands\Database\Migrate.php(85): CodeIgniter\Database\MigrationRunner->latest(NULL)
#8 C:\xampp\htdocs\ITE311-VISAYAS\system\CLI\Commands.php(74): CodeIgniter\Commands\Database\Migrate->run(Array)
#9 C:\xampp\htdocs\ITE311-VISAYAS\system\CLI\BaseCommand.php(119): CodeIgniter\CLI\Commands->run('migrate', Array)
#10 C:\xampp\htdocs\ITE311-VISAYAS\system\Commands\Database\MigrateRefresh.php(87): CodeIgniter\CLI\BaseCommand->call('migrate', Array)
#11 C:\xampp\htdocs\ITE311-VISAYAS\system\CLI\Commands.php(74): CodeIgniter\Commands\Database\MigrateRefresh->run(Array)
#12 C:\xampp\htdocs\ITE311-VISAYAS\system\CLI\Console.php(47): CodeIgniter\CLI\Commands->run('migrate:refresh', Array)
#13 C:\xampp\htdocs\ITE311-VISAYAS\system\Boot.php(388): CodeIgniter\CLI\Console->run()
#14 C:\xampp\htdocs\ITE311-VISAYAS\system\Boot.php(133): CodeIgniter\Boot::runCommand(Object(CodeIgniter\CLI\Console))
#15 C:\xampp\htdocs\ITE311-VISAYAS\spark(87): CodeIgniter\Boot::bootSpark(Object(Config\Paths))
#16 {main}
ERROR - 2025-10-17 16:03:01 --> mysqli_sql_exception: Duplicate column name 'teacher_id' in C:\xampp\htdocs\ITE311-VISAYAS\system\Database\MySQLi\Connection.php:327
Stack trace:
#0 C:\xampp\htdocs\ITE311-VISAYAS\system\Database\MySQLi\Connection.php(327): mysqli->query('ALTER TABLE `co...', 0)
#1 C:\xampp\htdocs\ITE311-VISAYAS\system\Database\BaseConnection.php(729): CodeIgniter\Database\MySQLi\Connection->execute('ALTER TABLE `co...')
#2 C:\xampp\htdocs\ITE311-VISAYAS\system\Database\BaseConnection.php(646): CodeIgniter\Database\BaseConnection->simpleQuery('ALTER TABLE `co...')
#3 C:\xampp\htdocs\ITE311-VISAYAS\system\Database\Forge.php(772): CodeIgniter\Database\BaseConnection->query('ALTER TABLE `co...')
#4 C:\xampp\htdocs\ITE311-VISAYAS\app\Database\Migrations\2025-08-17-114900_AddTeacherIdToCourses.php(11): CodeIgniter\Database\Forge->addColumn('courses', Array)
#5 C:\xampp\htdocs\ITE311-VISAYAS\system\Database\MigrationRunner.php(876): App\Database\Migrations\AddTeacherIdToCourses->up()
#6 C:\xampp\htdocs\ITE311-VISAYAS\system\Database\MigrationRunner.php(182): CodeIgniter\Database\MigrationRunner->migrate('up', Object(stdClass))
#7 C:\xampp\htdocs\ITE311-VISAYAS\system\Commands\Database\Migrate.php(85): CodeIgniter\Database\MigrationRunner->latest(NULL)
#8 C:\xampp\htdocs\ITE311-VISAYAS\system\CLI\Commands.php(74): CodeIgniter\Commands\Database\Migrate->run(Array)
#9 C:\xampp\htdocs\ITE311-VISAYAS\system\CLI\Console.php(47): CodeIgniter\CLI\Commands->run('migrate', Array)
#10 C:\xampp\htdocs\ITE311-VISAYAS\system\Boot.php(388): CodeIgniter\CLI\Console->run()
#11 C:\xampp\htdocs\ITE311-VISAYAS\system\Boot.php(133): CodeIgniter\Boot::runCommand(Object(CodeIgniter\CLI\Console))
#12 C:\xampp\htdocs\ITE311-VISAYAS\spark(87): CodeIgniter\Boot::bootSpark(Object(Config\Paths))
#13 {main}
ERROR - 2025-10-17 16:12:58 --> mysqli_sql_exception: Duplicate column name 'teacher_id' in C:\xampp\htdocs\ITE311-VISAYAS\system\Database\MySQLi\Connection.php:327
Stack trace:
#0 C:\xampp\htdocs\ITE311-VISAYAS\system\Database\MySQLi\Connection.php(327): mysqli->query('ALTER TABLE `co...', 0)
#1 C:\xampp\htdocs\ITE311-VISAYAS\system\Database\BaseConnection.php(729): CodeIgniter\Database\MySQLi\Connection->execute('ALTER TABLE `co...')
#2 C:\xampp\htdocs\ITE311-VISAYAS\system\Database\BaseConnection.php(646): CodeIgniter\Database\BaseConnection->simpleQuery('ALTER TABLE `co...')
#3 C:\xampp\htdocs\ITE311-VISAYAS\system\Database\Forge.php(772): CodeIgniter\Database\BaseConnection->query('ALTER TABLE `co...')
#4 C:\xampp\htdocs\ITE311-VISAYAS\app\Database\Migrations\2025-08-17-114900_AddTeacherIdToCourses.php(11): CodeIgniter\Database\Forge->addColumn('courses', Array)
#5 C:\xampp\htdocs\ITE311-VISAYAS\system\Database\MigrationRunner.php(876): App\Database\Migrations\AddTeacherIdToCourses->up()
#6 C:\xampp\htdocs\ITE311-VISAYAS\system\Database\MigrationRunner.php(182): CodeIgniter\Database\MigrationRunner->migrate('up', Object(stdClass))
#7 C:\xampp\htdocs\ITE311-VISAYAS\system\Commands\Database\Migrate.php(85): CodeIgniter\Database\MigrationRunner->latest(NULL)
#8 C:\xampp\htdocs\ITE311-VISAYAS\system\CLI\Commands.php(74): CodeIgniter\Commands\Database\Migrate->run(Array)
#9 C:\xampp\htdocs\ITE311-VISAYAS\system\CLI\BaseCommand.php(119): CodeIgniter\CLI\Commands->run('migrate', Array)
#10 C:\xampp\htdocs\ITE311-VISAYAS\system\Commands\Database\MigrateRefresh.php(87): CodeIgniter\CLI\BaseCommand->call('migrate', Array)
#11 C:\xampp\htdocs\ITE311-VISAYAS\system\CLI\Commands.php(74): CodeIgniter\Commands\Database\MigrateRefresh->run(Array)
#12 C:\xampp\htdocs\ITE311-VISAYAS\system\CLI\Console.php(47): CodeIgniter\CLI\Commands->run('migrate:refresh', Array)
#13 C:\xampp\htdocs\ITE311-VISAYAS\system\Boot.php(388): CodeIgniter\CLI\Console->run()
#14 C:\xampp\htdocs\ITE311-VISAYAS\system\Boot.php(133): CodeIgniter\Boot::runCommand(Object(CodeIgniter\CLI\Console))
#15 C:\xampp\htdocs\ITE311-VISAYAS\spark(87): CodeIgniter\Boot::bootSpark(Object(Config\Paths))
#16 {main}
